android/app/build/intermediates/manifest_merge_blame_file/debug/manifest-merger-blame-debug-report.txt
1<?xml version="1.0" encoding="utf-8"?>
2<manifest xmlns:android="http://schemas.android.com/apk/res/android"
3    package="com.shopkitty"
4    android:versionCode="1"
5    android:versionName="1.0" >
6
7    <uses-sdk
8        android:minSdkVersion="16"
9        android:targetSdkVersion="28" />
10
11    <uses-permission android:name="android.permission.SYSTEM_ALERT_WINDOW" />
11-->src/debug/AndroidManifest.xml:5:5-77
11-->src/debug/AndroidManifest.xml:5:22-75
12    <uses-permission android:name="android.permission.CAMERA" />
12-->src/main/AndroidManifest.xml:3:5-65
12-->src/main/AndroidManifest.xml:3:22-62
13    <uses-permission android:name="android.permission.INTERNET" />
13-->src/main/AndroidManifest.xml:4:5-67
13-->src/main/AndroidManifest.xml:4:22-64
14    <uses-permission android:name="android.permission.READ_EXTERNAL_STORAGE" />
14-->src/main/AndroidManifest.xml:5:5-80
14-->src/main/AndroidManifest.xml:5:22-77
15    <uses-permission android:name="android.permission.WRITE_EXTERNAL_STORAGE" />
15-->src/main/AndroidManifest.xml:6:5-81
15-->src/main/AndroidManifest.xml:6:22-78
16    <uses-permission android:name="android.permission.WRITE_CONTACTS" />
16-->src/main/AndroidManifest.xml:7:5-73
16-->src/main/AndroidManifest.xml:7:22-70
17    <uses-permission android:name="android.permission.READ_CONTACTS" />
17-->src/main/AndroidManifest.xml:8:5-72
17-->src/main/AndroidManifest.xml:8:22-69
18    <uses-permission android:name="android.permission.RECORD_AUDIO" />
18-->src/main/AndroidManifest.xml:9:5-70
18-->src/main/AndroidManifest.xml:9:22-68
19    <uses-permission android:name="android.permission.ACCESS_WIFI_STATE" />
19-->[com.facebook.flipper:flipper:0.33.1] AndroidManifest.xml:16:5-76
19-->[com.facebook.flipper:flipper:0.33.1] AndroidManifest.xml:16:22-73
20    <uses-permission android:name="android.permission.WAKE_LOCK" />
20-->[:react-native-firebase_messaging] AndroidManifest.xml:12:5-68
20-->[:react-native-firebase_messaging] AndroidManifest.xml:12:22-65
21    <uses-permission android:name="android.permission.ACCESS_NETWORK_STATE" />
21-->[:react-native-firebase_messaging] AndroidManifest.xml:13:5-79
21-->[:react-native-firebase_messaging] AndroidManifest.xml:13:22-76
22
23    <uses-feature
23-->[:react-native-camera] AndroidManifest.xml:11:5-13:36
24        android:name="android.hardware.camera"
24-->[:react-native-camera] AndroidManifest.xml:12:9-47
25        android:required="false" />
25-->[:react-native-camera] AndroidManifest.xml:13:9-33
26    <uses-feature
26-->[:react-native-camera] AndroidManifest.xml:14:5-16:36
27        android:name="android.hardware.camera.autofocus"
27-->[:react-native-camera] AndroidManifest.xml:15:9-57
28        android:required="false" /> <!-- Required to access Google Play Licensing -->
28-->[:react-native-camera] AndroidManifest.xml:16:9-33
29    <uses-permission android:name="com.android.vending.CHECK_LICENSE" /> <!-- Required by older versions of Google Play services to create IID tokens -->
29-->[:rn-fetch-blob] AndroidManifest.xml:12:5-73
29-->[:rn-fetch-blob] AndroidManifest.xml:12:22-70
30    <uses-permission android:name="com.google.android.c2dm.permission.RECEIVE" />
30-->[com.google.android.gms:play-services-iid:17.0.0] AndroidManifest.xml:23:5-82
30-->[com.google.android.gms:play-services-iid:17.0.0] AndroidManifest.xml:23:22-79
31    <uses-permission android:name="com.google.android.finsky.permission.BIND_GET_INSTALL_REFERRER_SERVICE" />
31-->[com.google.android.gms:play-services-measurement:17.4.1] AndroidManifest.xml:26:5-110
31-->[com.google.android.gms:play-services-measurement:17.4.1] AndroidManifest.xml:26:22-107
32
33    <application
33-->src/main/AndroidManifest.xml:10:5-30:19
34        android:name="com.shopkitty.MainApplication"
34-->src/main/AndroidManifest.xml:11:7-38
35        android:allowBackup="false"
35-->src/main/AndroidManifest.xml:15:7-34
36        android:appComponentFactory="androidx.core.app.CoreComponentFactory"
36-->[androidx.core:core:1.1.0] AndroidManifest.xml:24:18-86
37        android:debuggable="true"
38        android:icon="@mipmap/ic_launcher"
38-->src/main/AndroidManifest.xml:13:7-41
39        android:label="@string/app_name"
39-->src/main/AndroidManifest.xml:12:7-39
40        android:roundIcon="@mipmap/ic_launcher_round"
40-->src/main/AndroidManifest.xml:14:7-52
41        android:theme="@style/AppTheme"
41-->src/main/AndroidManifest.xml:17:7-38
42        android:usesCleartextTraffic="true" >
42-->src/main/AndroidManifest.xml:16:7-42
43        <activity
43-->src/main/AndroidManifest.xml:18:7-28:18
44            android:name="com.shopkitty.MainActivity"
44-->src/main/AndroidManifest.xml:19:9-37
45            android:configChanges="keyboard|keyboardHidden|orientation|screenSize|uiMode"
45-->src/main/AndroidManifest.xml:21:9-86
46            android:label="@string/app_name"
46-->src/main/AndroidManifest.xml:20:9-41
47            android:launchMode="singleTask"
47-->src/main/AndroidManifest.xml:22:9-40
48            android:windowSoftInputMode="adjustResize" >
48-->src/main/AndroidManifest.xml:23:9-51
49            <intent-filter>
49-->src/main/AndroidManifest.xml:24:9-27:25
50                <action android:name="android.intent.action.MAIN" />
50-->src/main/AndroidManifest.xml:25:13-65
50-->src/main/AndroidManifest.xml:25:21-62
51
52                <category android:name="android.intent.category.LAUNCHER" />
52-->src/main/AndroidManifest.xml:26:13-73
52-->src/main/AndroidManifest.xml:26:23-70
53            </intent-filter>
54        </activity>
55        <activity android:name="com.facebook.react.devsupport.DevSettingsActivity" />
55-->src/main/AndroidManifest.xml:29:7-84
55-->src/main/AndroidManifest.xml:29:17-81
56
57        <service android:name="io.invertase.firebase.messaging.ReactNativeFirebaseMessagingHeadlessService" />
57-->[:react-native-firebase_messaging] AndroidManifest.xml:16:9-111
57-->[:react-native-firebase_messaging] AndroidManifest.xml:16:18-108
58        <service
58-->[:react-native-firebase_messaging] AndroidManifest.xml:17:9-23:19
59            android:name="io.invertase.firebase.messaging.ReactNativeFirebaseMessagingService"
59-->[:react-native-firebase_messaging] AndroidManifest.xml:18:13-95
60            android:exported="false" >
60-->[:react-native-firebase_messaging] AndroidManifest.xml:19:13-37
61            <intent-filter>
61-->[:react-native-firebase_messaging] AndroidManifest.xml:20:13-22:29
62                <action android:name="com.google.firebase.MESSAGING_EVENT" />
62-->[:react-native-firebase_messaging] AndroidManifest.xml:21:17-78
62-->[:react-native-firebase_messaging] AndroidManifest.xml:21:25-75
63            </intent-filter>
64        </service>
65
66        <receiver
66-->[:react-native-firebase_messaging] AndroidManifest.xml:25:9-32:20
67            android:name="io.invertase.firebase.messaging.ReactNativeFirebaseMessagingReceiver"
67-->[:react-native-firebase_messaging] AndroidManifest.xml:26:13-96
68            android:exported="true"
68-->[:react-native-firebase_messaging] AndroidManifest.xml:27:13-36
69            android:permission="com.google.android.c2dm.permission.SEND" >
69-->[:react-native-firebase_messaging] AndroidManifest.xml:28:13-73
70            <intent-filter>
70-->[:react-native-firebase_messaging] AndroidManifest.xml:29:13-31:29
71                <action android:name="com.google.android.c2dm.intent.RECEIVE" />
71-->[:react-native-firebase_messaging] AndroidManifest.xml:30:17-81
71-->[:react-native-firebase_messaging] AndroidManifest.xml:30:25-78
72            </intent-filter>
73        </receiver>
74
75        <meta-data
75-->[:react-native-firebase_messaging] AndroidManifest.xml:34:9-36:36
76            android:name="firebase_messaging_auto_init_enabled"
76-->[:react-native-firebase_messaging] AndroidManifest.xml:35:13-64
77            android:value="true" />
77-->[:react-native-firebase_messaging] AndroidManifest.xml:36:13-33
78        <meta-data
78-->[:react-native-firebase_messaging] AndroidManifest.xml:37:9-39:32
79            android:name="com.google.firebase.messaging.default_notification_channel_id"
79-->[:react-native-firebase_messaging] AndroidManifest.xml:38:13-89
80            android:value="" />
80-->[:react-native-firebase_messaging] AndroidManifest.xml:39:13-29
81        <meta-data
81-->[:react-native-firebase_messaging] AndroidManifest.xml:40:9-42:47
82            android:name="com.google.firebase.messaging.default_notification_color"
82-->[:react-native-firebase_messaging] AndroidManifest.xml:41:13-84
83            android:resource="@color/white" />
83-->[:react-native-firebase_messaging] AndroidManifest.xml:42:13-44
84
85        <receiver
85-->[:react-native-device-info] AndroidManifest.xml:13:9-21:20
86            android:name="com.learnium.RNDeviceInfo.RNDeviceReceiver"
86-->[:react-native-device-info] AndroidManifest.xml:14:13-70
87            android:enabled="true"
87-->[:react-native-device-info] AndroidManifest.xml:15:13-35
88            android:exported="true" >
88-->[:react-native-device-info] AndroidManifest.xml:16:13-36
89            <intent-filter>
89-->[:react-native-device-info] AndroidManifest.xml:18:13-20:29
90                <action android:name="com.android.vending.INSTALL_REFERRER" />
90-->[:react-native-device-info] AndroidManifest.xml:19:17-79
90-->[:react-native-device-info] AndroidManifest.xml:19:25-76
91            </intent-filter>
92        </receiver>
93
94        <provider
94-->[:react-native-image-picker] AndroidManifest.xml:10:9-18:20
95            android:name="com.imagepicker.FileProvider"
95-->[:react-native-image-picker] AndroidManifest.xml:11:13-56
96            android:authorities="com.shopkitty.provider"
96-->[:react-native-image-picker] AndroidManifest.xml:12:13-60
97            android:exported="false"
97-->[:react-native-image-picker] AndroidManifest.xml:13:13-37
98            android:grantUriPermissions="true" >
98-->[:react-native-image-picker] AndroidManifest.xml:14:13-47
99            <meta-data
99-->[:react-native-image-picker] AndroidManifest.xml:15:13-17:58
100                android:name="android.support.FILE_PROVIDER_PATHS"
100-->[:react-native-image-picker] AndroidManifest.xml:16:17-67
101                android:resource="@xml/provider_paths" />
101-->[:react-native-image-picker] AndroidManifest.xml:17:17-55
102        </provider>
103        <provider
103-->[:react-native-webview] AndroidManifest.xml:12:9-20:20
104            android:name="com.reactnativecommunity.webview.RNCWebViewFileProvider"
104-->[:react-native-webview] AndroidManifest.xml:13:13-83
105            android:authorities="com.shopkitty.fileprovider"
105-->[:react-native-webview] AndroidManifest.xml:14:13-64
106            android:exported="false"
106-->[:react-native-webview] AndroidManifest.xml:15:13-37
107            android:grantUriPermissions="true" >
107-->[:react-native-webview] AndroidManifest.xml:16:13-47
108            <meta-data
108-->[:react-native-image-picker] AndroidManifest.xml:15:13-17:58
109                android:name="android.support.FILE_PROVIDER_PATHS"
109-->[:react-native-image-picker] AndroidManifest.xml:16:17-67
110                android:resource="@xml/file_provider_paths" />
110-->[:react-native-image-picker] AndroidManifest.xml:17:17-55
111        </provider>
112        <provider
112-->[:rn-fetch-blob] AndroidManifest.xml:36:9-44:20
113            android:name="com.RNFetchBlob.Utils.FileProvider"
113-->[:rn-fetch-blob] AndroidManifest.xml:37:13-62
114            android:authorities="com.shopkitty.provider"
114-->[:rn-fetch-blob] AndroidManifest.xml:38:13-60
115            android:exported="false"
115-->[:rn-fetch-blob] AndroidManifest.xml:39:13-37
116            android:grantUriPermissions="true" >
116-->[:rn-fetch-blob] AndroidManifest.xml:40:13-47
117            <meta-data
117-->[:react-native-image-picker] AndroidManifest.xml:15:13-17:58
118                android:name="android.support.FILE_PROVIDER_PATHS"
118-->[:react-native-image-picker] AndroidManifest.xml:16:17-67
119                android:resource="@xml/provider_paths" />
119-->[:react-native-image-picker] AndroidManifest.xml:17:17-55
120        </provider>
121
122        <service
122-->[com.google.firebase:firebase-firestore:21.4.3] AndroidManifest.xml:17:9-23:19
123            android:name="com.google.firebase.components.ComponentDiscoveryService"
123-->[com.google.firebase:firebase-firestore:21.4.3] AndroidManifest.xml:18:13-84
124            android:directBootAware="true"
124-->[com.google.firebase:firebase-common:19.3.0] AndroidManifest.xml:34:13-43
125            android:exported="false" >
125-->[com.google.firebase:firebase-firestore:21.4.3] AndroidManifest.xml:19:13-37
126            <meta-data
126-->[com.google.firebase:firebase-firestore:21.4.3] AndroidManifest.xml:20:13-22:85
127                android:name="com.google.firebase.components:com.google.firebase.firestore.FirestoreRegistrar"
127-->[com.google.firebase:firebase-firestore:21.4.3] AndroidManifest.xml:21:17-111
128                android:value="com.google.firebase.components.ComponentRegistrar" />
128-->[com.google.firebase:firebase-firestore:21.4.3] AndroidManifest.xml:22:17-82
129            <meta-data
129-->[com.google.firebase:firebase-functions:19.0.2] AndroidManifest.xml:18:13-20:85
130                android:name="com.google.firebase.components:com.google.firebase.functions.FunctionsRegistrar"
130-->[com.google.firebase:firebase-functions:19.0.2] AndroidManifest.xml:19:17-111
131                android:value="com.google.firebase.components.ComponentRegistrar" />
131-->[com.google.firebase:firebase-functions:19.0.2] AndroidManifest.xml:20:17-82
132            <meta-data
132-->[com.google.firebase:firebase-messaging:20.1.7] AndroidManifest.xml:38:13-40:85
133                android:name="com.google.firebase.components:com.google.firebase.messaging.FirebaseMessagingRegistrar"
133-->[com.google.firebase:firebase-messaging:20.1.7] AndroidManifest.xml:39:17-119
134                android:value="com.google.firebase.components.ComponentRegistrar" />
134-->[com.google.firebase:firebase-messaging:20.1.7] AndroidManifest.xml:40:17-82
135            <meta-data
135-->[com.google.firebase:firebase-datatransport:17.0.3] AndroidManifest.xml:28:13-30:85
136                android:name="com.google.firebase.components:com.google.firebase.datatransport.TransportRegistrar"
136-->[com.google.firebase:firebase-datatransport:17.0.3] AndroidManifest.xml:29:17-115
137                android:value="com.google.firebase.components.ComponentRegistrar" />
137-->[com.google.firebase:firebase-datatransport:17.0.3] AndroidManifest.xml:30:17-82
138            <meta-data
138-->[com.google.firebase:firebase-auth:19.3.1] AndroidManifest.xml:36:13-38:85
139                android:name="com.google.firebase.components:com.google.firebase.auth.FirebaseAuthRegistrar"
139-->[com.google.firebase:firebase-auth:19.3.1] AndroidManifest.xml:37:17-109
140                android:value="com.google.firebase.components.ComponentRegistrar" />
140-->[com.google.firebase:firebase-auth:19.3.1] AndroidManifest.xml:38:17-82
141            <meta-data
141-->[com.google.android.gms:play-services-measurement-api:17.4.1] AndroidManifest.xml:30:13-32:85
142                android:name="com.google.firebase.components:com.google.firebase.analytics.connector.internal.AnalyticsConnectorRegistrar"
142-->[com.google.android.gms:play-services-measurement-api:17.4.1] AndroidManifest.xml:31:17-139
143                android:value="com.google.firebase.components.ComponentRegistrar" />
143-->[com.google.android.gms:play-services-measurement-api:17.4.1] AndroidManifest.xml:32:17-82
144            <meta-data
144-->[com.google.firebase:firebase-iid:20.1.7] AndroidManifest.xml:32:13-34:85
145                android:name="com.google.firebase.components:com.google.firebase.iid.Registrar"
145-->[com.google.firebase:firebase-iid:20.1.7] AndroidManifest.xml:33:17-96
146                android:value="com.google.firebase.components.ComponentRegistrar" />
146-->[com.google.firebase:firebase-iid:20.1.7] AndroidManifest.xml:34:17-82
147            <meta-data
147-->[com.google.firebase:firebase-storage:19.1.1] AndroidManifest.xml:33:13-35:85
148                android:name="com.google.firebase.components:com.google.firebase.storage.StorageRegistrar"
148-->[com.google.firebase:firebase-storage:19.1.1] AndroidManifest.xml:34:17-107
149                android:value="com.google.firebase.components.ComponentRegistrar" />
149-->[com.google.firebase:firebase-storage:19.1.1] AndroidManifest.xml:35:17-82
150            <meta-data
150-->[com.google.firebase:firebase-installations:16.3.0] AndroidManifest.xml:17:13-19:85
151                android:name="com.google.firebase.components:com.google.firebase.installations.FirebaseInstallationsRegistrar"
151-->[com.google.firebase:firebase-installations:16.3.0] AndroidManifest.xml:18:17-127
152                android:value="com.google.firebase.components.ComponentRegistrar" />
152-->[com.google.firebase:firebase-installations:16.3.0] AndroidManifest.xml:19:17-82
153        </service>
154        <!--
155             FirebaseMessagingService performs security checks at runtime,
156             but set to not exported to explicitly avoid allowing another app to call it.
157        -->
158        <service
158-->[com.google.firebase:firebase-messaging:20.1.7] AndroidManifest.xml:28:9-34:19
159            android:name="com.google.firebase.messaging.FirebaseMessagingService"
159-->[com.google.firebase:firebase-messaging:20.1.7] AndroidManifest.xml:29:13-82
160            android:exported="false" >
160-->[com.google.firebase:firebase-messaging:20.1.7] AndroidManifest.xml:30:13-37
161            <intent-filter android:priority="-500" >
161-->[:react-native-firebase_messaging] AndroidManifest.xml:20:13-22:29
162                <action android:name="com.google.firebase.MESSAGING_EVENT" />
162-->[:react-native-firebase_messaging] AndroidManifest.xml:21:17-78
162-->[:react-native-firebase_messaging] AndroidManifest.xml:21:25-75
163            </intent-filter>
164        </service>
165        <service
165-->[com.google.android.datatransport:transport-backend-cct:2.2.0] AndroidManifest.xml:29:9-35:19
166            android:name="com.google.android.datatransport.runtime.backends.TransportBackendDiscovery"
166-->[com.google.android.datatransport:transport-backend-cct:2.2.0] AndroidManifest.xml:30:13-103
167            android:exported="false" >
167-->[com.google.android.datatransport:transport-backend-cct:2.2.0] AndroidManifest.xml:31:13-37
168            <meta-data
168-->[com.google.android.datatransport:transport-backend-cct:2.2.0] AndroidManifest.xml:32:13-34:39
169                android:name="backend:com.google.android.datatransport.cct.CctBackendFactory"
169-->[com.google.android.datatransport:transport-backend-cct:2.2.0] AndroidManifest.xml:33:17-94
170                android:value="cct" />
170-->[com.google.android.datatransport:transport-backend-cct:2.2.0] AndroidManifest.xml:34:17-36
171        </service>
172        <service
172-->[com.google.android.datatransport:transport-runtime:2.2.0] AndroidManifest.xml:26:9-30:19
173            android:name="com.google.android.datatransport.runtime.scheduling.jobscheduling.JobInfoSchedulerService"
173-->[com.google.android.datatransport:transport-runtime:2.2.0] AndroidManifest.xml:27:13-117
174            android:exported="false"
174-->[com.google.android.datatransport:transport-runtime:2.2.0] AndroidManifest.xml:28:13-37
175            android:permission="android.permission.BIND_JOB_SERVICE" >
175-->[com.google.android.datatransport:transport-runtime:2.2.0] AndroidManifest.xml:29:13-69
176        </service>
177
178        <receiver
178-->[com.google.android.datatransport:transport-runtime:2.2.0] AndroidManifest.xml:32:9-34:40
179            android:name="com.google.android.datatransport.runtime.scheduling.jobscheduling.AlarmManagerSchedulerBroadcastReceiver"
179-->[com.google.android.datatransport:transport-runtime:2.2.0] AndroidManifest.xml:33:13-132
180            android:exported="false" />
180-->[com.google.android.datatransport:transport-runtime:2.2.0] AndroidManifest.xml:34:13-37
181
182        <activity
182-->[com.google.firebase:firebase-auth:19.3.1] AndroidManifest.xml:24:9-31:50
183            android:name="com.google.firebase.auth.internal.FederatedSignInActivity"
183-->[com.google.firebase:firebase-auth:19.3.1] AndroidManifest.xml:25:13-85
184            android:excludeFromRecents="true"
184-->[com.google.firebase:firebase-auth:19.3.1] AndroidManifest.xml:26:13-46
185            android:exported="true"
185-->[com.google.firebase:firebase-auth:19.3.1] AndroidManifest.xml:27:13-36
186            android:launchMode="singleTask"
186-->[com.google.firebase:firebase-auth:19.3.1] AndroidManifest.xml:28:13-44
187            android:permission="com.google.firebase.auth.api.gms.permission.LAUNCH_FEDERATED_SIGN_IN"
187-->[com.google.firebase:firebase-auth:19.3.1] AndroidManifest.xml:29:13-102
188            android:theme="@android:style/Theme.Translucent.NoTitleBar" />
188-->[com.google.firebase:firebase-auth:19.3.1] AndroidManifest.xml:30:13-72
189
190        <receiver
190-->[com.google.firebase:firebase-iid:20.1.7] AndroidManifest.xml:37:9-44:20
191            android:name="com.google.firebase.iid.FirebaseInstanceIdReceiver"
191-->[com.google.firebase:firebase-iid:20.1.7] AndroidManifest.xml:38:13-78
192            android:exported="true"
192-->[com.google.firebase:firebase-iid:20.1.7] AndroidManifest.xml:39:13-36
193            android:permission="com.google.android.c2dm.permission.SEND" >
193-->[com.google.firebase:firebase-iid:20.1.7] AndroidManifest.xml:40:13-73
194            <intent-filter>
194-->[:react-native-firebase_messaging] AndroidManifest.xml:29:13-31:29
195                <action android:name="com.google.android.c2dm.intent.RECEIVE" />
195-->[:react-native-firebase_messaging] AndroidManifest.xml:30:17-81
195-->[:react-native-firebase_messaging] AndroidManifest.xml:30:25-78
196            </intent-filter>
197        </receiver>
198        <receiver
198-->[com.google.android.gms:play-services-measurement:17.4.1] AndroidManifest.xml:29:9-33:20
199            android:name="com.google.android.gms.measurement.AppMeasurementReceiver"
199-->[com.google.android.gms:play-services-measurement:17.4.1] AndroidManifest.xml:30:13-85
200            android:enabled="true"
200-->[com.google.android.gms:play-services-measurement:17.4.1] AndroidManifest.xml:31:13-35
201            android:exported="false" >
201-->[com.google.android.gms:play-services-measurement:17.4.1] AndroidManifest.xml:32:13-37
202        </receiver>
203
204        <service
204-->[com.google.android.gms:play-services-measurement:17.4.1] AndroidManifest.xml:35:9-38:40
205            android:name="com.google.android.gms.measurement.AppMeasurementService"
205-->[com.google.android.gms:play-services-measurement:17.4.1] AndroidManifest.xml:36:13-84
206            android:enabled="true"
206-->[com.google.android.gms:play-services-measurement:17.4.1] AndroidManifest.xml:37:13-35
207            android:exported="false" />
207-->[com.google.android.gms:play-services-measurement:17.4.1] AndroidManifest.xml:38:13-37
208        <service
208-->[com.google.android.gms:play-services-measurement:17.4.1] AndroidManifest.xml:39:9-43:72
209            android:name="com.google.android.gms.measurement.AppMeasurementJobService"
209-->[com.google.android.gms:play-services-measurement:17.4.1] AndroidManifest.xml:40:13-87
210            android:enabled="true"
210-->[com.google.android.gms:play-services-measurement:17.4.1] AndroidManifest.xml:41:13-35
211            android:exported="false"
211-->[com.google.android.gms:play-services-measurement:17.4.1] AndroidManifest.xml:42:13-37
212            android:permission="android.permission.BIND_JOB_SERVICE" />
212-->[com.google.android.gms:play-services-measurement:17.4.1] AndroidManifest.xml:43:13-69
213
214        <activity
214-->[com.google.android.gms:play-services-base:17.1.0] AndroidManifest.xml:23:9-26:75
215            android:name="com.google.android.gms.common.api.GoogleApiActivity"
215-->[com.google.android.gms:play-services-base:17.1.0] AndroidManifest.xml:24:13-79
216            android:exported="false"
216-->[com.google.android.gms:play-services-base:17.1.0] AndroidManifest.xml:25:13-37
217            android:theme="@android:style/Theme.Translucent.NoTitleBar" />
217-->[com.google.android.gms:play-services-base:17.1.0] AndroidManifest.xml:26:13-72
218
219        <provider
219-->[com.google.firebase:firebase-common:19.3.0] AndroidManifest.xml:26:9-30:39
220            android:name="com.google.firebase.provider.FirebaseInitProvider"
220-->[com.google.firebase:firebase-common:19.3.0] AndroidManifest.xml:27:13-77
221            android:authorities="com.shopkitty.firebaseinitprovider"
221-->[com.google.firebase:firebase-common:19.3.0] AndroidManifest.xml:28:13-72
222            android:exported="false"
222-->[com.google.firebase:firebase-common:19.3.0] AndroidManifest.xml:29:13-37
223            android:initOrder="100" />
223-->[com.google.firebase:firebase-common:19.3.0] AndroidManifest.xml:30:13-36
224
225        <meta-data
225-->[com.google.android.gms:play-services-basement:17.0.0] AndroidManifest.xml:23:9-25:69
226            android:name="com.google.android.gms.version"
226-->[com.google.android.gms:play-services-basement:17.0.0] AndroidManifest.xml:24:13-58
227            android:value="@integer/google_play_services_version" />
227-->[com.google.android.gms:play-services-basement:17.0.0] AndroidManifest.xml:25:13-66
228    </application>
229
230</manifest>